\BOOKMARK [0][-]{dummy.1}{\376\377\000A\000b\000s\000t\000r\000a\000c\000t}{}% 1
\BOOKMARK [0][-]{dummy.2}{\376\377\000A\000c\000k\000n\000o\000w\000l\000e\000d\000g\000e\000m\000e\000n\000t\000s}{}% 2
\BOOKMARK [0][-]{chapter.6}{\376\377\0001\000\040\000P\000r\000e\000l\000e\000m\000i\000n\000a\000r\000i\000e\000s}{}% 3
\BOOKMARK [1][-]{section.7}{\376\377\0001\000.\0001\000\040\000B\000a\000s\000i\000c\000\040\000D\000e\000f\000i\000n\000i\000t\000o\000n\000s}{chapter.6}% 4
\BOOKMARK [0][-]{chapter.10}{\376\377\0002\000\040\000I\000n\000t\000r\000o\000d\000u\000c\000t\000i\000o\000n}{}% 5
\BOOKMARK [1][-]{section.11}{\376\377\0002\000.\0001\000\040\000I\000n\000t\000r\000o\000d\000u\000c\000t\000i\000o\000n}{chapter.10}% 6
\BOOKMARK [2][-]{subsection.14}{\376\377\0002\000.\0001\000.\0001\000\040\000M\000a\000p\000p\000i\000n\000g\000s\000\040\000o\000n\000\040\000C\000o\000h\000o\000m\000o\000l\000o\000g\000y}{section.11}% 7
\BOOKMARK [0][-]{chapter.34}{\376\377\0003\000\040\000N\000o\000r\000m\000\040\000E\000q\000u\000a\000t\000i\000o\000n}{}% 8
\BOOKMARK [1][-]{section.35}{\376\377\0003\000.\0001\000\040\000N\000o\000r\000m\000\040\000E\000q\000u\000a\000t\000i\000o\000n}{chapter.34}% 9
\BOOKMARK [1][-]{section.159}{\376\377\0003\000.\0002\000\040\000C\000l\000N\000o\000r\000m\000E\000q\000u\000a\000t\000i\000o\000n\000\040\000a\000n\000d\000\040\000T\000a\000m\000e\000N\000o\000r\000m\000E\000Q\000u\000a\000t\000i\000o\000n}{chapter.34}% 10
\BOOKMARK [1][-]{section.160}{\376\377\0003\000.\0003\000\040\000A\000b\000s\000t\000r\000a\000c\000t}{chapter.34}% 11
\BOOKMARK [1][-]{section.162}{\376\377\0003\000.\0004\000\040\000I\000n\000t\000r\000o\000d\000u\000c\000t\000i\000o\000n}{chapter.34}% 12
\BOOKMARK [1][-]{section.173}{\376\377\0003\000.\0005\000\040\000U\000n\000i\000t\000\040\000g\000r\000o\000u\000p}{chapter.34}% 13
\BOOKMARK [1][-]{section.180}{\376\377\0003\000.\0006\000\040\000N\000o\000r\000m\000\040\000G\000r\000o\000u\000p}{chapter.34}% 14
\BOOKMARK [1][-]{section.182}{\376\377\0003\000.\0007\000\040\000S\000o\000l\000v\000i\000n\000g\000\040\000N\000o\000r\000m\000\040\000E\000q\000u\000a\000t\000i\000o\000n\000s}{chapter.34}% 15
\BOOKMARK [2][-]{subsection.208}{\376\377\0003\000.\0007\000.\0001\000\040\000A\000l\000g\000o\000r\000i\000t\000h\000m\000:}{section.182}% 16
\BOOKMARK [2][-]{subsection.214}{\376\377\0003\000.\0007\000.\0002\000\040\000A\000l\000g\000o\000r\000i\000t\000h\000m\000:}{section.182}% 17
\BOOKMARK [0][-]{appendix.231}{\376\377\000A\000\040\000F\000r\000e\000q\000u\000e\000n\000t\000l\000y\000\040\000A\000s\000k\000e\000d\000\040\000Q\000u\000e\000s\000t\000i\000o\000n\000s}{}% 18
\BOOKMARK [1][-]{section.232}{\376\377\000A\000.\0001\000\040\000H\000o\000w\000\040\000d\000o\000\040\000I\000\040\000c\000h\000a\000n\000g\000e\000\040\000t\000h\000e\000\040\000c\000o\000l\000o\000r\000s\000\040\000o\000f\000\040\000l\000i\000n\000k\000s\000?}{appendix.231}% 19
\BOOKMARK [0][-]{dummy.233}{\376\377\000B\000i\000b\000l\000i\000o\000g\000r\000a\000p\000h\000y}{}% 20
